<?xml version="1.0" encoding="UTF-8"?>
<!-- Generated by org.testng.reporters.JUnitReportReporter -->
<testsuite skipped="0" hostname="DESKTOP-BH1F0C3" name="Native.native_app" tests="1" failures="0" timestamp="14 Apr 2022 10:27:48 GMT" time="30.779" errors="0">
  <testcase name="testcase1" time="30.779" classname="Native.native_app"/>
</testsuite> <!-- Native.native_app -->
